# JRE version: OpenJDK Runtime Environment (11.0.6+10) (build 11.0.6+10-post-Ubuntu-1ubuntu118.04.1)
# Java VM: OpenJDK 64-Bit Server VM (11.0.6+10-post-Ubuntu-1ubuntu118.04.1, mixed mode, sharing, tiered, compressed oops, serial gc, linux-amd64)
Heap:
 def new generation   total 36928K, used 0K [0x00000000f0a00000, 0x00000000f3210000, 0x00000000f5c00000)
  eden space 32832K,   0% used [0x00000000f0a00000, 0x00000000f0a00000, 0x00000000f2a10000)
  from space 4096K,   0% used [0x00000000f2e10000, 0x00000000f2e10000, 0x00000000f3210000)
  to   space 4096K,   0% used [0x00000000f2a10000, 0x00000000f2a10000, 0x00000000f2e10000)
 tenured generation   total 81900K, used 66154K [0x00000000f5c00000, 0x00000000fabfb000, 0x0000000100000000)
   the space 81900K,  80% used [0x00000000f5c00000, 0x00000000f9c9aaf8, 0x00000000f9c9ac00, 0x00000000fabfb000)
 Metaspace       used 39669K, capacity 40647K, committed 41088K, reserved 1085440K
  class space    used 4627K, capacity 4928K, committed 4992K, reserved 1048576K
GC Heap History (20 events):
Event: 14.727 GC heap after
{Heap after GC invocations=111 (full 4):
 def new generation   total 36928K, used 2847K [0x00000000f0a00000, 0x00000000f3210000, 0x00000000f5c00000)
  eden space 32832K,   0% used [0x00000000f0a00000, 0x00000000f0a00000, 0x00000000f2a10000)
  from space 4096K,  69% used [0x00000000f2a10000, 0x00000000f2cd7e10, 0x00000000f2e10000)
  to   space 4096K,   0% used [0x00000000f2e10000, 0x00000000f2e10000, 0x00000000f3210000)
 tenured generation   total 81900K, used 52627K [0x00000000f5c00000, 0x00000000fabfb000, 0x0000000100000000)
   the space 81900K,  64% used [0x00000000f5c00000, 0x00000000f8f64ec0, 0x00000000f8f65000, 0x00000000fabfb000)
 Metaspace       used 23673K, capacity 24572K, committed 24704K, reserved 1071104K
  class space    used 2619K, capacity 2904K, committed 2944K, reserved 1048576K
}
Event: 14.898 GC heap before
{Heap before GC invocations=111 (full 4):
 def new generation   total 36928K, used 35679K [0x00000000f0a00000, 0x00000000f3210000, 0x00000000f5c00000)
  eden space 32832K, 100% used [0x00000000f0a00000, 0x00000000f2a10000, 0x00000000f2a10000)
  from space 4096K,  69% used [0x00000000f2a10000, 0x00000000f2cd7e10, 0x00000000f2e10000)
  to   space 4096K,   0% used [0x00000000f2e10000, 0x00000000f2e10000, 0x00000000f3210000)
 tenured generation   total 81900K, used 52627K [0x00000000f5c00000, 0x00000000fabfb000, 0x0000000100000000)
   the space 81900K,  64% used [0x00000000f5c00000, 0x00000000f8f64ec0, 0x00000000f8f65000, 0x00000000fabfb000)
 Metaspace       used 23673K, capacity 24572K, committed 24704K, reserved 1071104K
  class space    used 2619K, capacity 2904K, committed 2944K, reserved 1048576K
}
Event: 14.909 GC heap after
{Heap after GC invocations=112 (full 4):
 def new generation   total 36928K, used 3242K [0x00000000f0a00000, 0x00000000f3210000, 0x00000000f5c00000)
  eden space 32832K,   0% used [0x00000000f0a00000, 0x00000000f0a00000, 0x00000000f2a10000)
  from space 4096K,  79% used [0x00000000f2e10000, 0x00000000f313a950, 0x00000000f3210000)
  to   space 4096K,   0% used [0x00000000f2a10000, 0x00000000f2a10000, 0x00000000f2e10000)
 tenured generation   total 81900K, used 53434K [0x00000000f5c00000, 0x00000000fabfb000, 0x0000000100000000)
   the space 81900K,  65% used [0x00000000f5c00000, 0x00000000f902e8f0, 0x00000000f902ea00, 0x00000000fabfb000)
 Metaspace       used 23673K, capacity 24572K, committed 24704K, reserved 1071104K
  class space    used 2619K, capacity 2904K, committed 2944K, reserved 1048576K
}
Event: 15.106 GC heap before
{Heap before GC invocations=112 (full 4):
 def new generation   total 36928K, used 36074K [0x00000000f0a00000, 0x00000000f3210000, 0x00000000f5c00000)
  eden space 32832K, 100% used [0x00000000f0a00000, 0x00000000f2a10000, 0x00000000f2a10000)
  from space 4096K,  79% used [0x00000000f2e10000, 0x00000000f313a950, 0x00000000f3210000)
  to   space 4096K,   0% used [0x00000000f2a10000, 0x00000000f2a10000, 0x00000000f2e10000)
 tenured generation   total 81900K, used 53434K [0x00000000f5c00000, 0x00000000fabfb000, 0x0000000100000000)
   the space 81900K,  65% used [0x00000000f5c00000, 0x00000000f902e8f0, 0x00000000f902ea00, 0x00000000fabfb000)
 Metaspace       used 23674K, capacity 24572K, committed 24704K, reserved 1071104K
  class space    used 2619K, capacity 2904K, committed 2944K, reserved 1048576K
}
Event: 15.132 GC heap after
{Heap after GC invocations=113 (full 4):
 def new generation   total 36928K, used 2575K [0x00000000f0a00000, 0x00000000f3210000, 0x00000000f5c00000)
  eden space 32832K,   0% used [0x00000000f0a00000, 0x00000000f0a00000, 0x00000000f2a10000)
  from space 4096K,  62% used [0x00000000f2a10000, 0x00000000f2c93ff0, 0x00000000f2e10000)
  to   space 4096K,   0% used [0x00000000f2e10000, 0x00000000f2e10000, 0x00000000f3210000)
 tenured generation   total 81900K, used 55131K [0x00000000f5c00000, 0x00000000fabfb000, 0x0000000100000000)
   the space 81900K,  67% used [0x00000000f5c00000, 0x00000000f91d6ff8, 0x00000000f91d7000, 0x00000000fabfb000)
 Metaspace       used 23674K, capacity 24572K, committed 24704K, reserved 1071104K
  class space    used 2619K, capacity 2904K, committed 2944K, reserved 1048576K
}
Event: 15.726 GC heap before
{Heap before GC invocations=113 (full 4):
 def new generation   total 36928K, used 35407K [0x00000000f0a00000, 0x00000000f3210000, 0x00000000f5c00000)
  eden space 32832K, 100% used [0x00000000f0a00000, 0x00000000f2a10000, 0x00000000f2a10000)
  from space 4096K,  62% used [0x00000000f2a10000, 0x00000000f2c93ff0, 0x00000000f2e10000)
  to   space 4096K,   0% used [0x00000000f2e10000, 0x00000000f2e10000, 0x00000000f3210000)
 tenured generation   total 81900K, used 55131K [0x00000000f5c00000, 0x00000000fabfb000, 0x0000000100000000)
   the space 81900K,  67% used [0x00000000f5c00000, 0x00000000f91d6ff8, 0x00000000f91d7000, 0x00000000fabfb000)
 Metaspace       used 24382K, capacity 25234K, committed 25600K, reserved 1071104K
  class space    used 2696K, capacity 2984K, committed 3072K, reserved 1048576K
}
Event: 15.750 GC heap after
{Heap after GC invocations=114 (full 4):
 def new generation   total 36928K, used 2689K [0x00000000f0a00000, 0x00000000f3210000, 0x00000000f5c00000)
  eden space 32832K,   0% used [0x00000000f0a00000, 0x00000000f0a00000, 0x00000000f2a10000)
  from space 4096K,  65% used [0x00000000f2e10000, 0x00000000f30b05e0, 0x00000000f3210000)
  to   space 4096K,   0% used [0x00000000f2a10000, 0x00000000f2a10000, 0x00000000f2e10000)
 tenured generation   total 81900K, used 56458K [0x00000000f5c00000, 0x00000000fabfb000, 0x0000000100000000)
   the space 81900K,  68% used [0x00000000f5c00000, 0x00000000f93228f8, 0x00000000f9322a00, 0x00000000fabfb000)
 Metaspace       used 24382K, capacity 25234K, committed 25600K, reserved 1071104K
  class space    used 2696K, capacity 2984K, committed 3072K, reserved 1048576K
}
Event: 17.266 GC heap before
{Heap before GC invocations=114 (full 4):
 def new generation   total 36928K, used 35521K [0x00000000f0a00000, 0x00000000f3210000, 0x00000000f5c00000)
  eden space 32832K, 100% used [0x00000000f0a00000, 0x00000000f2a10000, 0x00000000f2a10000)
  from space 4096K,  65% used [0x00000000f2e10000, 0x00000000f30b05e0, 0x00000000f3210000)
  to   space 4096K,   0% used [0x00000000f2a10000, 0x00000000f2a10000, 0x00000000f2e10000)
 tenured generation   total 81900K, used 56458K [0x00000000f5c00000, 0x00000000fabfb000, 0x0000000100000000)
   the space 81900K,  68% used [0x00000000f5c00000, 0x00000000f93228f8, 0x00000000f9322a00, 0x00000000fabfb000)
 Metaspace       used 28389K, capacity 29320K, committed 29696K, reserved 1075200K
  class space    used 3256K, capacity 3557K, committed 3584K, reserved 1048576K
}
Event: 17.273 GC heap after
{Heap after GC invocations=115 (full 4):
 def new generation   total 36928K, used 2538K [0x00000000f0a00000, 0x00000000f3210000, 0x00000000f5c00000)
  eden space 32832K,   0% used [0x00000000f0a00000, 0x00000000f0a00000, 0x00000000f2a10000)
  from space 4096K,  61% used [0x00000000f2a10000, 0x00000000f2c8ab80, 0x00000000f2e10000)
  to   space 4096K,   0% used [0x00000000f2e10000, 0x00000000f2e10000, 0x00000000f3210000)
 tenured generation   total 81900K, used 57613K [0x00000000f5c00000, 0x00000000fabfb000, 0x0000000100000000)
   the space 81900K,  70% used [0x00000000f5c00000, 0x00000000f9443548, 0x00000000f9443600, 0x00000000fabfb000)
 Metaspace       used 28389K, capacity 29320K, committed 29696K, reserved 1075200K
  class space    used 3256K, capacity 3557K, committed 3584K, reserved 1048576K
}
Event: 18.482 GC heap before
{Heap before GC invocations=115 (full 4):
 def new generation   total 36928K, used 35370K [0x00000000f0a00000, 0x00000000f3210000, 0x00000000f5c00000)
  eden space 32832K, 100% used [0x00000000f0a00000, 0x00000000f2a10000, 0x00000000f2a10000)
  from space 4096K,  61% used [0x00000000f2a10000, 0x00000000f2c8ab80, 0x00000000f2e10000)
  to   space 4096K,   0% used [0x00000000f2e10000, 0x00000000f2e10000, 0x00000000f3210000)
 tenured generation   total 81900K, used 57613K [0x00000000f5c00000, 0x00000000fabfb000, 0x0000000100000000)
   the space 81900K,  70% used [0x00000000f5c00000, 0x00000000f9443548, 0x00000000f9443600, 0x00000000fabfb000)
 Metaspace       used 30456K, capacity 31390K, committed 31744K, reserved 1077248K
  class space    used 3516K, capacity 3817K, committed 3840K, reserved 1048576K
}
Event: 18.502 GC heap after
{Heap after GC invocations=116 (full 4):
 def new generation   total 36928K, used 2142K [0x00000000f0a00000, 0x00000000f3210000, 0x00000000f5c00000)
  eden space 32832K,   0% used [0x00000000f0a00000, 0x00000000f0a00000, 0x00000000f2a10000)
  from space 4096K,  52% used [0x00000000f2e10000, 0x00000000f3027aa0, 0x00000000f3210000)
  to   space 4096K,   0% used [0x00000000f2a10000, 0x00000000f2a10000, 0x00000000f2e10000)
 tenured generation   total 81900K, used 59035K [0x00000000f5c00000, 0x00000000fabfb000, 0x0000000100000000)
   the space 81900K,  72% used [0x00000000f5c00000, 0x00000000f95a6f58, 0x00000000f95a7000, 0x00000000fabfb000)
 Metaspace       used 30456K, capacity 31390K, committed 31744K, reserved 1077248K
  class space    used 3516K, capacity 3817K, committed 3840K, reserved 1048576K
}
Event: 19.537 GC heap before
{Heap before GC invocations=116 (full 4):
 def new generation   total 36928K, used 34974K [0x00000000f0a00000, 0x00000000f3210000, 0x00000000f5c00000)
  eden space 32832K, 100% used [0x00000000f0a00000, 0x00000000f2a10000, 0x00000000f2a10000)
  from space 4096K,  52% used [0x00000000f2e10000, 0x00000000f3027aa0, 0x00000000f3210000)
  to   space 4096K,   0% used [0x00000000f2a10000, 0x00000000f2a10000, 0x00000000f2e10000)
 tenured generation   total 81900K, used 59035K [0x00000000f5c00000, 0x00000000fabfb000, 0x0000000100000000)
   the space 81900K,  72% used [0x00000000f5c00000, 0x00000000f95a6f58, 0x00000000f95a7000, 0x00000000fabfb000)
 Metaspace       used 32579K, capacity 33572K, committed 34048K, reserved 1079296K
  class space    used 3768K, capacity 4074K, committed 4096K, reserved 1048576K
}
Event: 19.548 GC heap after
{Heap after GC invocations=117 (full 4):
 def new generation   total 36928K, used 1679K [0x00000000f0a00000, 0x00000000f3210000, 0x00000000f5c00000)
  eden space 32832K,   0% used [0x00000000f0a00000, 0x00000000f0a00000, 0x00000000f2a10000)
  from space 4096K,  41% used [0x00000000f2a10000, 0x00000000f2bb3f78, 0x00000000f2e10000)
  to   space 4096K,   0% used [0x00000000f2e10000, 0x00000000f2e10000, 0x00000000f3210000)
 tenured generation   total 81900K, used 60108K [0x00000000f5c00000, 0x00000000fabfb000, 0x0000000100000000)
   the space 81900K,  73% used [0x00000000f5c00000, 0x00000000f96b3100, 0x00000000f96b3200, 0x00000000fabfb000)
 Metaspace       used 32579K, capacity 33572K, committed 34048K, reserved 1079296K
  class space    used 3768K, capacity 4074K, committed 4096K, reserved 1048576K
}
Event: 20.457 GC heap before
{Heap before GC invocations=117 (full 4):
 def new generation   total 36928K, used 34511K [0x00000000f0a00000, 0x00000000f3210000, 0x00000000f5c00000)
  eden space 32832K, 100% used [0x00000000f0a00000, 0x00000000f2a10000, 0x00000000f2a10000)
  from space 4096K,  41% used [0x00000000f2a10000, 0x00000000f2bb3f78, 0x00000000f2e10000)
  to   space 4096K,   0% used [0x00000000f2e10000, 0x00000000f2e10000, 0x00000000f3210000)
 tenured generation   total 81900K, used 60108K [0x00000000f5c00000, 0x00000000fabfb000, 0x0000000100000000)
   the space 81900K,  73% used [0x00000000f5c00000, 0x00000000f96b3100, 0x00000000f96b3200, 0x00000000fabfb000)
 Metaspace       used 34563K, capacity 35497K, committed 36096K, reserved 1081344K
  class space    used 3984K, capacity 4267K, committed 4352K, reserved 1048576K
}
Event: 20.471 GC heap after
{Heap after GC invocations=118 (full 4):
 def new generation   total 36928K, used 2338K [0x00000000f0a00000, 0x00000000f3210000, 0x00000000f5c00000)
  eden space 32832K,   0% used [0x00000000f0a00000, 0x00000000f0a00000, 0x00000000f2a10000)
  from space 4096K,  57% used [0x00000000f2e10000, 0x00000000f3058b60, 0x00000000f3210000)
  to   space 4096K,   0% used [0x00000000f2a10000, 0x00000000f2a10000, 0x00000000f2e10000)
 tenured generation   total 81900K, used 60108K [0x00000000f5c00000, 0x00000000fabfb000, 0x0000000100000000)
   the space 81900K,  73% used [0x00000000f5c00000, 0x00000000f96b3100, 0x00000000f96b3200, 0x00000000fabfb000)
 Metaspace       used 34563K, capacity 35497K, committed 36096K, reserved 1081344K
  class space    used 3984K, capacity 4267K, committed 4352K, reserved 1048576K
}
Event: 21.575 GC heap before
{Heap before GC invocations=118 (full 4):
 def new generation   total 36928K, used 35170K [0x00000000f0a00000, 0x00000000f3210000, 0x00000000f5c00000)
  eden space 32832K, 100% used [0x00000000f0a00000, 0x00000000f2a10000, 0x00000000f2a10000)
  from space 4096K,  57% used [0x00000000f2e10000, 0x00000000f3058b60, 0x00000000f3210000)
  to   space 4096K,   0% used [0x00000000f2a10000, 0x00000000f2a10000, 0x00000000f2e10000)
 tenured generation   total 81900K, used 60108K [0x00000000f5c00000, 0x00000000fabfb000, 0x0000000100000000)
   the space 81900K,  73% used [0x00000000f5c00000, 0x00000000f96b3100, 0x00000000f96b3200, 0x00000000fabfb000)
 Metaspace       used 37237K, capacity 38243K, committed 38656K, reserved 1083392K
  class space    used 4307K, capacity 4600K, committed 4608K, reserved 1048576K
}
Event: 21.588 GC heap after
{Heap after GC invocations=119 (full 4):
 def new generation   total 36928K, used 2288K [0x00000000f0a00000, 0x00000000f3210000, 0x00000000f5c00000)
  eden space 32832K,   0% used [0x00000000f0a00000, 0x00000000f0a00000, 0x00000000f2a10000)
  from space 4096K,  55% used [0x00000000f2a10000, 0x00000000f2c4c280, 0x00000000f2e10000)
  to   space 4096K,   0% used [0x00000000f2e10000, 0x00000000f2e10000, 0x00000000f3210000)
 tenured generation   total 81900K, used 60843K [0x00000000f5c00000, 0x00000000fabfb000, 0x0000000100000000)
   the space 81900K,  74% used [0x00000000f5c00000, 0x00000000f976aee0, 0x00000000f976b000, 0x00000000fabfb000)
 Metaspace       used 37237K, capacity 38243K, committed 38656K, reserved 1083392K
  class space    used 4307K, capacity 4600K, committed 4608K, reserved 1048576K
}
Event: 22.365 GC heap before
{Heap before GC invocations=119 (full 4):
 def new generation   total 36928K, used 35120K [0x00000000f0a00000, 0x00000000f3210000, 0x00000000f5c00000)
  eden space 32832K, 100% used [0x00000000f0a00000, 0x00000000f2a10000, 0x00000000f2a10000)
  from space 4096K,  55% used [0x00000000f2a10000, 0x00000000f2c4c280, 0x00000000f2e10000)
  to   space 4096K,   0% used [0x00000000f2e10000, 0x00000000f2e10000, 0x00000000f3210000)
 tenured generation   total 81900K, used 60843K [0x00000000f5c00000, 0x00000000fabfb000, 0x0000000100000000)
   the space 81900K,  74% used [0x00000000f5c00000, 0x00000000f976aee0, 0x00000000f976b000, 0x00000000fabfb000)
 Metaspace       used 38630K, capacity 39629K, committed 40192K, reserved 1085440K
  class space    used 4478K, capacity 4761K, committed 4864K, reserved 1048576K
}
Event: 22.386 GC heap after
{Heap after GC invocations=120 (full 4):
 def new generation   total 36928K, used 2546K [0x00000000f0a00000, 0x00000000f3210000, 0x00000000f5c00000)
  eden space 32832K,   0% used [0x00000000f0a00000, 0x00000000f0a00000, 0x00000000f2a10000)
  from space 4096K,  62% used [0x00000000f2e10000, 0x00000000f308cae8, 0x00000000f3210000)
  to   space 4096K,   0% used [0x00000000f2a10000, 0x00000000f2a10000, 0x00000000f2e10000)
 tenured generation   total 81900K, used 61605K [0x00000000f5c00000, 0x00000000fabfb000, 0x0000000100000000)
   the space 81900K,  75% used [0x00000000f5c00000, 0x00000000f98296b0, 0x00000000f9829800, 0x00000000fabfb000)
 Metaspace       used 38630K, capacity 39629K, committed 40192K, reserved 1085440K
  class space    used 4478K, capacity 4761K, committed 4864K, reserved 1048576K
}
Event: 22.844 GC heap before
{Heap before GC invocations=120 (full 4):
 def new generation   total 36928K, used 31814K [0x00000000f0a00000, 0x00000000f3210000, 0x00000000f5c00000)
  eden space 32832K,  89% used [0x00000000f0a00000, 0x00000000f2695010, 0x00000000f2a10000)
  from space 4096K,  62% used [0x00000000f2e10000, 0x00000000f308cae8, 0x00000000f3210000)
  to   space 4096K,   0% used [0x00000000f2a10000, 0x00000000f2a10000, 0x00000000f2e10000)
 tenured generation   total 81900K, used 61605K [0x00000000f5c00000, 0x00000000fabfb000, 0x0000000100000000)
   the space 81900K,  75% used [0x00000000f5c00000, 0x00000000f98296b0, 0x00000000f9829800, 0x00000000fabfb000)
 Metaspace       used 39669K, capacity 40647K, committed 41088K, reserved 1085440K
  class space    used 4627K, capacity 4928K, committed 4992K, reserved 1048576K
}

