# JRE version: OpenJDK Runtime Environment (11.0.6+10) (build 11.0.6+10-post-Ubuntu-1ubuntu118.04.1)
# Java VM: OpenJDK 64-Bit Server VM (11.0.6+10-post-Ubuntu-1ubuntu118.04.1, mixed mode, sharing, tiered, compressed oops, serial gc, linux-amd64)
Heap:
 def new generation   total 36992K, used 0K [0x00000000f0a00000, 0x00000000f3220000, 0x00000000f5c00000)
  eden space 32896K,   0% used [0x00000000f0a00000, 0x00000000f0a00000, 0x00000000f2a20000)
  from space 4096K,   0% used [0x00000000f2e20000, 0x00000000f2e20000, 0x00000000f3220000)
  to   space 4096K,   0% used [0x00000000f2a20000, 0x00000000f2a20000, 0x00000000f2e20000)
 tenured generation   total 81960K, used 66180K [0x00000000f5c00000, 0x00000000fac0a000, 0x0000000100000000)
   the space 81960K,  80% used [0x00000000f5c00000, 0x00000000f9ca13f8, 0x00000000f9ca1400, 0x00000000fac0a000)
 Metaspace       used 39675K, capacity 40682K, committed 41088K, reserved 1085440K
  class space    used 4615K, capacity 4960K, committed 4992K, reserved 1048576K
GC Heap History (20 events):
Event: 18.462 GC heap after
{Heap after GC invocations=111 (full 4):
 def new generation   total 36992K, used 2869K [0x00000000f0a00000, 0x00000000f3220000, 0x00000000f5c00000)
  eden space 32896K,   0% used [0x00000000f0a00000, 0x00000000f0a00000, 0x00000000f2a20000)
  from space 4096K,  70% used [0x00000000f2a20000, 0x00000000f2ced678, 0x00000000f2e20000)
  to   space 4096K,   0% used [0x00000000f2e20000, 0x00000000f2e20000, 0x00000000f3220000)
 tenured generation   total 81960K, used 52715K [0x00000000f5c00000, 0x00000000fac0a000, 0x0000000100000000)
   the space 81960K,  64% used [0x00000000f5c00000, 0x00000000f8f7af00, 0x00000000f8f7b000, 0x00000000fac0a000)
 Metaspace       used 23667K, capacity 24572K, committed 24704K, reserved 1071104K
  class space    used 2619K, capacity 2904K, committed 2944K, reserved 1048576K
}
Event: 18.715 GC heap before
{Heap before GC invocations=111 (full 4):
 def new generation   total 36992K, used 35765K [0x00000000f0a00000, 0x00000000f3220000, 0x00000000f5c00000)
  eden space 32896K, 100% used [0x00000000f0a00000, 0x00000000f2a20000, 0x00000000f2a20000)
  from space 4096K,  70% used [0x00000000f2a20000, 0x00000000f2ced678, 0x00000000f2e20000)
  to   space 4096K,   0% used [0x00000000f2e20000, 0x00000000f2e20000, 0x00000000f3220000)
 tenured generation   total 81960K, used 52715K [0x00000000f5c00000, 0x00000000fac0a000, 0x0000000100000000)
   the space 81960K,  64% used [0x00000000f5c00000, 0x00000000f8f7af00, 0x00000000f8f7b000, 0x00000000fac0a000)
 Metaspace       used 23667K, capacity 24572K, committed 24704K, reserved 1071104K
  class space    used 2619K, capacity 2904K, committed 2944K, reserved 1048576K
}
Event: 18.741 GC heap after
{Heap after GC invocations=112 (full 4):
 def new generation   total 36992K, used 2607K [0x00000000f0a00000, 0x00000000f3220000, 0x00000000f5c00000)
  eden space 32896K,   0% used [0x00000000f0a00000, 0x00000000f0a00000, 0x00000000f2a20000)
  from space 4096K,  63% used [0x00000000f2e20000, 0x00000000f30abf90, 0x00000000f3220000)
  to   space 4096K,   0% used [0x00000000f2a20000, 0x00000000f2a20000, 0x00000000f2e20000)
 tenured generation   total 81960K, used 54192K [0x00000000f5c00000, 0x00000000fac0a000, 0x0000000100000000)
   the space 81960K,  66% used [0x00000000f5c00000, 0x00000000f90ec110, 0x00000000f90ec200, 0x00000000fac0a000)
 Metaspace       used 23667K, capacity 24572K, committed 24704K, reserved 1071104K
  class space    used 2619K, capacity 2904K, committed 2944K, reserved 1048576K
}
Event: 18.983 GC heap before
{Heap before GC invocations=112 (full 4):
 def new generation   total 36992K, used 35503K [0x00000000f0a00000, 0x00000000f3220000, 0x00000000f5c00000)
  eden space 32896K, 100% used [0x00000000f0a00000, 0x00000000f2a20000, 0x00000000f2a20000)
  from space 4096K,  63% used [0x00000000f2e20000, 0x00000000f30abf90, 0x00000000f3220000)
  to   space 4096K,   0% used [0x00000000f2a20000, 0x00000000f2a20000, 0x00000000f2e20000)
 tenured generation   total 81960K, used 54192K [0x00000000f5c00000, 0x00000000fac0a000, 0x0000000100000000)
   the space 81960K,  66% used [0x00000000f5c00000, 0x00000000f90ec110, 0x00000000f90ec200, 0x00000000fac0a000)
 Metaspace       used 23668K, capacity 24572K, committed 24704K, reserved 1071104K
  class space    used 2619K, capacity 2904K, committed 2944K, reserved 1048576K
}
Event: 19.008 GC heap after
{Heap after GC invocations=113 (full 4):
 def new generation   total 36992K, used 2572K [0x00000000f0a00000, 0x00000000f3220000, 0x00000000f5c00000)
  eden space 32896K,   0% used [0x00000000f0a00000, 0x00000000f0a00000, 0x00000000f2a20000)
  from space 4096K,  62% used [0x00000000f2a20000, 0x00000000f2ca3270, 0x00000000f2e20000)
  to   space 4096K,   0% used [0x00000000f2e20000, 0x00000000f2e20000, 0x00000000f3220000)
 tenured generation   total 81960K, used 55215K [0x00000000f5c00000, 0x00000000fac0a000, 0x0000000100000000)
   the space 81960K,  67% used [0x00000000f5c00000, 0x00000000f91ebd00, 0x00000000f91ebe00, 0x00000000fac0a000)
 Metaspace       used 23668K, capacity 24572K, committed 24704K, reserved 1071104K
  class space    used 2619K, capacity 2904K, committed 2944K, reserved 1048576K
}
Event: 19.839 GC heap before
{Heap before GC invocations=113 (full 4):
 def new generation   total 36992K, used 35468K [0x00000000f0a00000, 0x00000000f3220000, 0x00000000f5c00000)
  eden space 32896K,  99% used [0x00000000f0a00000, 0x00000000f2a1fff0, 0x00000000f2a20000)
  from space 4096K,  62% used [0x00000000f2a20000, 0x00000000f2ca3270, 0x00000000f2e20000)
  to   space 4096K,   0% used [0x00000000f2e20000, 0x00000000f2e20000, 0x00000000f3220000)
 tenured generation   total 81960K, used 55215K [0x00000000f5c00000, 0x00000000fac0a000, 0x0000000100000000)
   the space 81960K,  67% used [0x00000000f5c00000, 0x00000000f91ebd00, 0x00000000f91ebe00, 0x00000000fac0a000)
 Metaspace       used 24380K, capacity 25234K, committed 25600K, reserved 1071104K
  class space    used 2696K, capacity 2984K, committed 3072K, reserved 1048576K
}
Event: 19.868 GC heap after
{Heap after GC invocations=114 (full 4):
 def new generation   total 36992K, used 2651K [0x00000000f0a00000, 0x00000000f3220000, 0x00000000f5c00000)
  eden space 32896K,   0% used [0x00000000f0a00000, 0x00000000f0a00000, 0x00000000f2a20000)
  from space 4096K,  64% used [0x00000000f2e20000, 0x00000000f30b6d20, 0x00000000f3220000)
  to   space 4096K,   0% used [0x00000000f2a20000, 0x00000000f2a20000, 0x00000000f2e20000)
 tenured generation   total 81960K, used 56567K [0x00000000f5c00000, 0x00000000fac0a000, 0x0000000100000000)
   the space 81960K,  69% used [0x00000000f5c00000, 0x00000000f933dc38, 0x00000000f933de00, 0x00000000fac0a000)
 Metaspace       used 24380K, capacity 25234K, committed 25600K, reserved 1071104K
  class space    used 2696K, capacity 2984K, committed 3072K, reserved 1048576K
}
Event: 21.795 GC heap before
{Heap before GC invocations=114 (full 4):
 def new generation   total 36992K, used 35547K [0x00000000f0a00000, 0x00000000f3220000, 0x00000000f5c00000)
  eden space 32896K, 100% used [0x00000000f0a00000, 0x00000000f2a20000, 0x00000000f2a20000)
  from space 4096K,  64% used [0x00000000f2e20000, 0x00000000f30b6d20, 0x00000000f3220000)
  to   space 4096K,   0% used [0x00000000f2a20000, 0x00000000f2a20000, 0x00000000f2e20000)
 tenured generation   total 81960K, used 56567K [0x00000000f5c00000, 0x00000000fac0a000, 0x0000000100000000)
   the space 81960K,  69% used [0x00000000f5c00000, 0x00000000f933dc38, 0x00000000f933de00, 0x00000000fac0a000)
 Metaspace       used 28439K, capacity 29384K, committed 29696K, reserved 1075200K
  class space    used 3264K, capacity 3557K, committed 3584K, reserved 1048576K
}
Event: 21.821 GC heap after
{Heap after GC invocations=115 (full 4):
 def new generation   total 36992K, used 2524K [0x00000000f0a00000, 0x00000000f3220000, 0x00000000f5c00000)
  eden space 32896K,   0% used [0x00000000f0a00000, 0x00000000f0a00000, 0x00000000f2a20000)
  from space 4096K,  61% used [0x00000000f2a20000, 0x00000000f2c973d8, 0x00000000f2e20000)
  to   space 4096K,   0% used [0x00000000f2e20000, 0x00000000f2e20000, 0x00000000f3220000)
 tenured generation   total 81960K, used 57693K [0x00000000f5c00000, 0x00000000fac0a000, 0x0000000100000000)
   the space 81960K,  70% used [0x00000000f5c00000, 0x00000000f9457738, 0x00000000f9457800, 0x00000000fac0a000)
 Metaspace       used 28439K, capacity 29384K, committed 29696K, reserved 1075200K
  class space    used 3264K, capacity 3557K, committed 3584K, reserved 1048576K
}
Event: 23.287 GC heap before
{Heap before GC invocations=115 (full 4):
 def new generation   total 36992K, used 35420K [0x00000000f0a00000, 0x00000000f3220000, 0x00000000f5c00000)
  eden space 32896K, 100% used [0x00000000f0a00000, 0x00000000f2a20000, 0x00000000f2a20000)
  from space 4096K,  61% used [0x00000000f2a20000, 0x00000000f2c973d8, 0x00000000f2e20000)
  to   space 4096K,   0% used [0x00000000f2e20000, 0x00000000f2e20000, 0x00000000f3220000)
 tenured generation   total 81960K, used 57693K [0x00000000f5c00000, 0x00000000fac0a000, 0x0000000100000000)
   the space 81960K,  70% used [0x00000000f5c00000, 0x00000000f9457738, 0x00000000f9457800, 0x00000000fac0a000)
 Metaspace       used 30492K, capacity 31454K, committed 31744K, reserved 1077248K
  class space    used 3517K, capacity 3817K, committed 3840K, reserved 1048576K
}
Event: 23.325 GC heap after
{Heap after GC invocations=116 (full 4):
 def new generation   total 36992K, used 2192K [0x00000000f0a00000, 0x00000000f3220000, 0x00000000f5c00000)
  eden space 32896K,   0% used [0x00000000f0a00000, 0x00000000f0a00000, 0x00000000f2a20000)
  from space 4096K,  53% used [0x00000000f2e20000, 0x00000000f3044008, 0x00000000f3220000)
  to   space 4096K,   0% used [0x00000000f2a20000, 0x00000000f2a20000, 0x00000000f2e20000)
 tenured generation   total 81960K, used 59106K [0x00000000f5c00000, 0x00000000fac0a000, 0x0000000100000000)
   the space 81960K,  72% used [0x00000000f5c00000, 0x00000000f95b8a50, 0x00000000f95b8c00, 0x00000000fac0a000)
 Metaspace       used 30492K, capacity 31454K, committed 31744K, reserved 1077248K
  class space    used 3517K, capacity 3817K, committed 3840K, reserved 1048576K
}
Event: 24.849 GC heap before
{Heap before GC invocations=116 (full 4):
 def new generation   total 36992K, used 35088K [0x00000000f0a00000, 0x00000000f3220000, 0x00000000f5c00000)
  eden space 32896K, 100% used [0x00000000f0a00000, 0x00000000f2a20000, 0x00000000f2a20000)
  from space 4096K,  53% used [0x00000000f2e20000, 0x00000000f3044008, 0x00000000f3220000)
  to   space 4096K,   0% used [0x00000000f2a20000, 0x00000000f2a20000, 0x00000000f2e20000)
 tenured generation   total 81960K, used 59106K [0x00000000f5c00000, 0x00000000fac0a000, 0x0000000100000000)
   the space 81960K,  72% used [0x00000000f5c00000, 0x00000000f95b8a50, 0x00000000f95b8c00, 0x00000000fac0a000)
 Metaspace       used 32628K, capacity 33608K, committed 34176K, reserved 1079296K
  class space    used 3769K, capacity 4106K, committed 4224K, reserved 1048576K
}
Event: 24.863 GC heap after
{Heap after GC invocations=117 (full 4):
 def new generation   total 36992K, used 1695K [0x00000000f0a00000, 0x00000000f3220000, 0x00000000f5c00000)
  eden space 32896K,   0% used [0x00000000f0a00000, 0x00000000f0a00000, 0x00000000f2a20000)
  from space 4096K,  41% used [0x00000000f2a20000, 0x00000000f2bc7d60, 0x00000000f2e20000)
  to   space 4096K,   0% used [0x00000000f2e20000, 0x00000000f2e20000, 0x00000000f3220000)
 tenured generation   total 81960K, used 60174K [0x00000000f5c00000, 0x00000000fac0a000, 0x0000000100000000)
   the space 81960K,  73% used [0x00000000f5c00000, 0x00000000f96c3bc8, 0x00000000f96c3c00, 0x00000000fac0a000)
 Metaspace       used 32628K, capacity 33608K, committed 34176K, reserved 1079296K
  class space    used 3769K, capacity 4106K, committed 4224K, reserved 1048576K
}
Event: 25.888 GC heap before
{Heap before GC invocations=117 (full 4):
 def new generation   total 36992K, used 34591K [0x00000000f0a00000, 0x00000000f3220000, 0x00000000f5c00000)
  eden space 32896K, 100% used [0x00000000f0a00000, 0x00000000f2a20000, 0x00000000f2a20000)
  from space 4096K,  41% used [0x00000000f2a20000, 0x00000000f2bc7d60, 0x00000000f2e20000)
  to   space 4096K,   0% used [0x00000000f2e20000, 0x00000000f2e20000, 0x00000000f3220000)
 tenured generation   total 81960K, used 60174K [0x00000000f5c00000, 0x00000000fac0a000, 0x0000000100000000)
   the space 81960K,  73% used [0x00000000f5c00000, 0x00000000f96c3bc8, 0x00000000f96c3c00, 0x00000000fac0a000)
 Metaspace       used 34952K, capacity 35884K, committed 36352K, reserved 1081344K
  class space    used 4006K, capacity 4331K, committed 4352K, reserved 1048576K
}
Event: 25.897 GC heap after
{Heap after GC invocations=118 (full 4):
 def new generation   total 36992K, used 2374K [0x00000000f0a00000, 0x00000000f3220000, 0x00000000f5c00000)
  eden space 32896K,   0% used [0x00000000f0a00000, 0x00000000f0a00000, 0x00000000f2a20000)
  from space 4096K,  57% used [0x00000000f2e20000, 0x00000000f30718d0, 0x00000000f3220000)
  to   space 4096K,   0% used [0x00000000f2a20000, 0x00000000f2a20000, 0x00000000f2e20000)
 tenured generation   total 81960K, used 60174K [0x00000000f5c00000, 0x00000000fac0a000, 0x0000000100000000)
   the space 81960K,  73% used [0x00000000f5c00000, 0x00000000f96c3bc8, 0x00000000f96c3c00, 0x00000000fac0a000)
 Metaspace       used 34952K, capacity 35884K, committed 36352K, reserved 1081344K
  class space    used 4006K, capacity 4331K, committed 4352K, reserved 1048576K
}
Event: 26.489 GC heap before
{Heap before GC invocations=118 (full 4):
 def new generation   total 36992K, used 35270K [0x00000000f0a00000, 0x00000000f3220000, 0x00000000f5c00000)
  eden space 32896K, 100% used [0x00000000f0a00000, 0x00000000f2a20000, 0x00000000f2a20000)
  from space 4096K,  57% used [0x00000000f2e20000, 0x00000000f30718d0, 0x00000000f3220000)
  to   space 4096K,   0% used [0x00000000f2a20000, 0x00000000f2a20000, 0x00000000f2e20000)
 tenured generation   total 81960K, used 60174K [0x00000000f5c00000, 0x00000000fac0a000, 0x0000000100000000)
   the space 81960K,  73% used [0x00000000f5c00000, 0x00000000f96c3bc8, 0x00000000f96c3c00, 0x00000000fac0a000)
 Metaspace       used 37272K, capacity 38342K, committed 38784K, reserved 1083392K
  class space    used 4307K, capacity 4632K, committed 4736K, reserved 1048576K
}
Event: 26.503 GC heap after
{Heap after GC invocations=119 (full 4):
 def new generation   total 36992K, used 2318K [0x00000000f0a00000, 0x00000000f3220000, 0x00000000f5c00000)
  eden space 32896K,   0% used [0x00000000f0a00000, 0x00000000f0a00000, 0x00000000f2a20000)
  from space 4096K,  56% used [0x00000000f2a20000, 0x00000000f2c63a98, 0x00000000f2e20000)
  to   space 4096K,   0% used [0x00000000f2e20000, 0x00000000f2e20000, 0x00000000f3220000)
 tenured generation   total 81960K, used 60918K [0x00000000f5c00000, 0x00000000fac0a000, 0x0000000100000000)
   the space 81960K,  74% used [0x00000000f5c00000, 0x00000000f977dbb0, 0x00000000f977dc00, 0x00000000fac0a000)
 Metaspace       used 37272K, capacity 38342K, committed 38784K, reserved 1083392K
  class space    used 4307K, capacity 4632K, committed 4736K, reserved 1048576K
}
Event: 27.079 GC heap before
{Heap before GC invocations=119 (full 4):
 def new generation   total 36992K, used 35214K [0x00000000f0a00000, 0x00000000f3220000, 0x00000000f5c00000)
  eden space 32896K, 100% used [0x00000000f0a00000, 0x00000000f2a20000, 0x00000000f2a20000)
  from space 4096K,  56% used [0x00000000f2a20000, 0x00000000f2c63a98, 0x00000000f2e20000)
  to   space 4096K,   0% used [0x00000000f2e20000, 0x00000000f2e20000, 0x00000000f3220000)
 tenured generation   total 81960K, used 60918K [0x00000000f5c00000, 0x00000000fac0a000, 0x0000000100000000)
   the space 81960K,  74% used [0x00000000f5c00000, 0x00000000f977dbb0, 0x00000000f977dc00, 0x00000000fac0a000)
 Metaspace       used 38897K, capacity 39984K, committed 40448K, reserved 1085440K
  class space    used 4516K, capacity 4857K, committed 4864K, reserved 1048576K
}
Event: 27.096 GC heap after
{Heap after GC invocations=120 (full 4):
 def new generation   total 36992K, used 2557K [0x00000000f0a00000, 0x00000000f3220000, 0x00000000f5c00000)
  eden space 32896K,   0% used [0x00000000f0a00000, 0x00000000f0a00000, 0x00000000f2a20000)
  from space 4096K,  62% used [0x00000000f2e20000, 0x00000000f309f400, 0x00000000f3220000)
  to   space 4096K,   0% used [0x00000000f2a20000, 0x00000000f2a20000, 0x00000000f2e20000)
 tenured generation   total 81960K, used 61692K [0x00000000f5c00000, 0x00000000fac0a000, 0x0000000100000000)
   the space 81960K,  75% used [0x00000000f5c00000, 0x00000000f983f280, 0x00000000f983f400, 0x00000000fac0a000)
 Metaspace       used 38897K, capacity 39984K, committed 40448K, reserved 1085440K
  class space    used 4516K, capacity 4857K, committed 4864K, reserved 1048576K
}
Event: 27.542 GC heap before
{Heap before GC invocations=120 (full 4):
 def new generation   total 36992K, used 29448K [0x00000000f0a00000, 0x00000000f3220000, 0x00000000f5c00000)
  eden space 32896K,  81% used [0x00000000f0a00000, 0x00000000f2442e88, 0x00000000f2a20000)
  from space 4096K,  62% used [0x00000000f2e20000, 0x00000000f309f400, 0x00000000f3220000)
  to   space 4096K,   0% used [0x00000000f2a20000, 0x00000000f2a20000, 0x00000000f2e20000)
 tenured generation   total 81960K, used 61692K [0x00000000f5c00000, 0x00000000fac0a000, 0x0000000100000000)
   the space 81960K,  75% used [0x00000000f5c00000, 0x00000000f983f280, 0x00000000f983f400, 0x00000000fac0a000)
 Metaspace       used 39675K, capacity 40682K, committed 41088K, reserved 1085440K
  class space    used 4615K, capacity 4960K, committed 4992K, reserved 1048576K
}

